Build started 12/4/2015 5:27:22 PM.
     1>Project "F:\AI-Client\C++ Client 1.01\ConquestOfCastlesVS12\ConquestOfCastlesVS12.vcxproj" on node 2 (Build target(s)).
     1>ClCompile:
         C:\Program Files (x86)\Microsoft Visual Studio 14.0\VC\bin\CL.exe /c /ZI /nologo /W3 /WX- /Od /Oy- /D WIN32 /D _DEBUG /D _LIB /D _UNICODE /D UNICODE /Gm /EHsc /RTC1 /MDd /GS /fp:precise /Zc:wchar_t /Zc:forScope /Zc:inline /Fo"Debug\\" /Fd"Debug\vc140.pdb" /Gd /TP /analyze- /errorReport:prompt AI.cpp ClientMain.cpp
         AI.cpp
     1>f:\ai-client\c++ client 1.01\conquestofcastlesvs12\ai.h(69): error C3861: 'setw': identifier not found
     1>f:\ai-client\c++ client 1.01\conquestofcastlesvs12\ai.h(98): warning C4018: '<': signed/unsigned mismatch
     1>f:\ai-client\c++ client 1.01\conquestofcastlesvs12\ai.h(114): warning C4018: '<': signed/unsigned mismatch
     1>f:\ai-client\c++ client 1.01\conquestofcastlesvs12\ai.cpp(169): warning C4018: '<': signed/unsigned mismatch
     1>f:\ai-client\c++ client 1.01\conquestofcastlesvs12\ai.cpp(177): warning C4018: '<': signed/unsigned mismatch
     1>f:\ai-client\c++ client 1.01\conquestofcastlesvs12\ai.cpp(210): warning C4018: '<': signed/unsigned mismatch
     1>f:\ai-client\c++ client 1.01\conquestofcastlesvs12\ai.cpp(215): warning C4018: '<': signed/unsigned mismatch
         Generating Code...
         Skipping... (no relevant changes detected)
         ClientMain.cpp
     1>Done Building Project "F:\AI-Client\C++ Client 1.01\ConquestOfCastlesVS12\ConquestOfCastlesVS12.vcxproj" (Build target(s)) -- FAILED.

Build FAILED.

Time Elapsed 00:00:01.42
